DEB [20170623-11:18:35.781] thr=1   paramiko.transport: starting thread (client mode): 0x207fb00
DEB [20170623-11:18:35.782] thr=1   paramiko.transport: Local version/idstring: SSH-2.0-paramiko_2.2.1
DEB [20170623-11:18:35.783] thr=1   paramiko.transport: Remote version/idstring: SSH-1.99-Cisco-1.25
INF [20170623-11:18:35.783] thr=1   paramiko.transport: Connected (version 1.99, client Cisco-1.25)
DEB [20170623-11:18:35.785] thr=1   paramiko.transport: kex algos:['diffie-hellman-group-exchange-sha1', 'diffie-hellman-group14-sha1', 'diffie-hellman-group1-sha1'] server key:['ssh-rsa'] client encrypt:['aes128-cbc', '3des-cbc', 'aes192-cbc', 'aes256-cbc'] server encrypt:['aes128-cbc', '3des-cbc', 'aes192-cbc', 'aes256-cbc'] client mac:['hmac-sha1', 'hmac-sha1-96', 'hmac-md5', 'hmac-md5-96'] server mac:['hmac-sha1', 'hmac-sha1-96', 'hmac-md5', 'hmac-md5-96'] client compress:['none'] server compress:['none'] client lang:[''] server lang:[''] kex follows?False
DEB [20170623-11:18:35.785] thr=1   paramiko.transport: Kex agreed: diffie-hellman-group-exchange-sha1
DEB [20170623-11:18:35.785] thr=1   paramiko.transport: HostKey agreed: ssh-rsa
DEB [20170623-11:18:35.786] thr=1   paramiko.transport: Cipher agreed: aes128-cbc
DEB [20170623-11:18:35.786] thr=1   paramiko.transport: MAC agreed: hmac-sha1
DEB [20170623-11:18:35.786] thr=1   paramiko.transport: Compression agreed: none
DEB [20170623-11:18:35.983] thr=1   paramiko.transport: Got server p (2048 bits)
DEB [20170623-11:18:36.715] thr=1   paramiko.transport: kex engine KexGex specified hash_algo <built-in function openssl_sha1>
DEB [20170623-11:18:36.717] thr=1   paramiko.transport: Switch to new keys ...
DEB [20170623-11:18:36.719] thr=2   paramiko.transport: Adding ssh-rsa host key for 172.16.215.6: b'da8ec45c1b19b5904d4e4fe47750bf66'
DEB [20170623-11:19:16.803] thr=1   paramiko.transport: starting thread (client mode): 0x100b2b00
DEB [20170623-11:19:16.803] thr=1   paramiko.transport: Local version/idstring: SSH-2.0-paramiko_2.2.1
DEB [20170623-11:19:16.804] thr=1   paramiko.transport: Remote version/idstring: SSH-1.99-Cisco-1.25
INF [20170623-11:19:16.805] thr=1   paramiko.transport: Connected (version 1.99, client Cisco-1.25)
DEB [20170623-11:19:16.806] thr=1   paramiko.transport: kex algos:['diffie-hellman-group-exchange-sha1', 'diffie-hellman-group14-sha1', 'diffie-hellman-group1-sha1'] server key:['ssh-rsa'] client encrypt:['aes128-cbc', '3des-cbc', 'aes192-cbc', 'aes256-cbc'] server encrypt:['aes128-cbc', '3des-cbc', 'aes192-cbc', 'aes256-cbc'] client mac:['hmac-sha1', 'hmac-sha1-96', 'hmac-md5', 'hmac-md5-96'] server mac:['hmac-sha1', 'hmac-sha1-96', 'hmac-md5', 'hmac-md5-96'] client compress:['none'] server compress:['none'] client lang:[''] server lang:[''] kex follows?False
DEB [20170623-11:19:16.806] thr=1   paramiko.transport: Kex agreed: diffie-hellman-group-exchange-sha1
DEB [20170623-11:19:16.806] thr=1   paramiko.transport: HostKey agreed: ssh-rsa
DEB [20170623-11:19:16.807] thr=1   paramiko.transport: Cipher agreed: aes128-cbc
DEB [20170623-11:19:16.807] thr=1   paramiko.transport: MAC agreed: hmac-sha1
DEB [20170623-11:19:16.807] thr=1   paramiko.transport: Compression agreed: none
DEB [20170623-11:19:17.005] thr=1   paramiko.transport: Got server p (2048 bits)
DEB [20170623-11:19:17.592] thr=1   paramiko.transport: kex engine KexGex specified hash_algo <built-in function openssl_sha1>
DEB [20170623-11:19:17.592] thr=1   paramiko.transport: Switch to new keys ...
DEB [20170623-11:19:17.593] thr=2   paramiko.transport: Adding ssh-rsa host key for 172.16.215.6: b'da8ec45c1b19b5904d4e4fe47750bf66'
